<?xml version="1.0" encoding="UTF-8" ?>
<testsuite tests="5" failures="0" name="com.mycompany.pro_calculadora_oliver.CalculadoraTest" time="0.004" errors="0" skipped="0">
  <properties>
[...]
</properties>
  <testcase classname="com.mycompany.pro_calculadora_oliver.CalculadoraTest" name="com.mycompany.pro_calculadora_oliver.CalculadoraTest.testPorcentaje" time="0.003"/>
  <testcase classname="com.mycompany.pro_calculadora_oliver.CalculadoraTest" name="com.mycompany.pro_calculadora_oliver.CalculadoraTest.testSuma" time="0"/>
  <testcase classname="com.mycompany.pro_calculadora_oliver.CalculadoraTest" name="com.mycompany.pro_calculadora_oliver.CalculadoraTest.testResta" time="0"/>
  <testcase classname="com.mycompany.pro_calculadora_oliver.CalculadoraTest" name="com.mycompany.pro_calculadora_oliver.CalculadoraTest.testMultiplicacion" time="0"/>
  <testcase classname="com.mycompany.pro_calculadora_oliver.CalculadoraTest" name="com.mycompany.pro_calculadora_oliver.CalculadoraTest.testDivision" time="0.001"/>
</testsuite>